<?xml version="1.0" encoding="UTF-8" ?>
<testsuite failures="0" time="0.229" errors="0" skipped="0" tests="1" name="com.mapreduce.JoinReducerTest">
  <properties>
    <property name="java.runtime.name" value="OpenJDK Runtime Environment"/>
    <property name="sun.boot.library.path" value="/usr/lib/jvm/java-7-openjdk-amd64/jre/lib/amd64"/>
    <property name="java.vm.version" value="24.65-b04"/>
    <property name="java.vm.vendor" value="Oracle Corporation"/>
    <property name="java.vendor.url" value="http://java.oracle.com/"/>
    <property name="path.separator" value=":"/>
    <property name="java.vm.name" value="OpenJDK 64-Bit Server VM"/>
    <property name="file.encoding.pkg" value="sun.io"/>
    <property name="user.country" value="US"/>
    <property name="sun.java.launcher" value="SUN_STANDARD"/>
    <property name="sun.os.patch.level" value="unknown"/>
    <property name="java.vm.specification.name" value="Java Virtual Machine Specification"/>
    <property name="user.dir" value="/home/user1/workspace/ae-pentaho/Java/fuzzy-matching"/>
    <property name="java.runtime.version" value="1.7.0_65-b32"/>
    <property name="java.awt.graphicsenv" value="sun.awt.X11GraphicsEnvironment"/>
    <property name="basedir" value="/home/user1/workspace/ae-pentaho/Java/fuzzy-matching"/>
    <property name="java.endorsed.dirs" value="/usr/lib/jvm/java-7-openjdk-amd64/jre/lib/endorsed"/>
    <property name="os.arch" value="amd64"/>
    <property name="surefire.real.class.path" value="/home/user1/workspace/ae-pentaho/Java/fuzzy-matching/target/surefire/surefirebooter4638060164697528589.jar"/>
    <property name="java.io.tmpdir" value="/tmp"/>
    <property name="line.separator" value="
"/>
    <property name="java.vm.specification.vendor" value="Oracle Corporation"/>
    <property name="os.name" value="Linux"/>
    <property name="sun.jnu.encoding" value="UTF-8"/>
    <property name="java.library.path" value="/usr/java/packages/lib/amd64:/usr/lib/x86_64-linux-gnu/jni:/lib/x86_64-linux-gnu:/usr/lib/x86_64-linux-gnu:/usr/lib/jni:/lib:/usr/lib"/>
    <property name="surefire.test.class.path" value="/home/user1/workspace/ae-pentaho/Java/fuzzy-matching/target/test-classes:/home/user1/workspace/ae-pentaho/Java/fuzzy-matching/target/classes:/home/user1/.m2/repository/org/apache/hadoop/hadoop-client/2.0.0-cdh4.1.0/hadoop-client-2.0.0-cdh4.1.0.jar:/home/user1/.m2/repository/org/apache/hadoop/hadoop-common/2.0.0-cdh4.1.0/hadoop-common-2.0.0-cdh4.1.0.jar:/home/user1/.m2/repository/org/apache/hadoop/hadoop-annotations/2.0.0-cdh4.1.0/hadoop-annotations-2.0.0-cdh4.1.0.jar:/home/user1/.m2/repository/com/google/guava/guava/11.0.2/guava-11.0.2.jar:/home/user1/.m2/repository/com/google/code/findbugs/jsr305/1.3.9/jsr305-1.3.9.jar:/home/user1/.m2/repository/org/apache/commons/commons-math/2.1/commons-math-2.1.jar:/home/user1/.m2/repository/commons-logging/commons-logging/1.1.1/commons-logging-1.1.1.jar:/home/user1/.m2/repository/log4j/log4j/1.2.17/log4j-1.2.17.jar:/home/user1/.m2/repository/commons-lang/commons-lang/2.5/commons-lang-2.5.jar:/home/user1/.m2/repository/commons-configuration/commons-configuration/1.6/commons-configuration-1.6.jar:/home/user1/.m2/repository/commons-collections/commons-collections/3.2.1/commons-collections-3.2.1.jar:/home/user1/.m2/repository/commons-digester/commons-digester/1.8/commons-digester-1.8.jar:/home/user1/.m2/repository/commons-beanutils/commons-beanutils/1.7.0/commons-beanutils-1.7.0.jar:/home/user1/.m2/repository/commons-beanutils/commons-beanutils-core/1.8.0/commons-beanutils-core-1.8.0.jar:/home/user1/.m2/repository/org/slf4j/slf4j-api/1.6.1/slf4j-api-1.6.1.jar:/home/user1/.m2/repository/org/slf4j/slf4j-log4j12/1.6.1/slf4j-log4j12-1.6.1.jar:/home/user1/.m2/repository/org/codehaus/jackson/jackson-core-asl/1.8.8/jackson-core-asl-1.8.8.jar:/home/user1/.m2/repository/org/codehaus/jackson/jackson-mapper-asl/1.8.8/jackson-mapper-asl-1.8.8.jar:/home/user1/.m2/repository/org/mockito/mockito-all/1.8.5/mockito-all-1.8.5.jar:/home/user1/.m2/repository/org/apache/avro/avro/1.7.1.cloudera.2/avro-1.7.1.cloudera.2.jar:/home/user1/.m2/repository/com/thoughtworks/paranamer/paranamer/2.3/paranamer-2.3.jar:/home/user1/.m2/repository/org/xerial/snappy/snappy-java/1.0.4.1/snappy-java-1.0.4.1.jar:/home/user1/.m2/repository/com/google/protobuf/protobuf-java/2.4.0a/protobuf-java-2.4.0a.jar:/home/user1/.m2/repository/org/apache/hadoop/hadoop-auth/2.0.0-cdh4.1.0/hadoop-auth-2.0.0-cdh4.1.0.jar:/home/user1/.m2/repository/com/jcraft/jsch/0.1.42/jsch-0.1.42.jar:/home/user1/.m2/repository/org/apache/zookeeper/zookeeper/3.4.3-cdh4.1.0/zookeeper-3.4.3-cdh4.1.0.jar:/home/user1/.m2/repository/jline/jline/0.9.94/jline-0.9.94.jar:/home/user1/.m2/repository/org/apache/hadoop/hadoop-hdfs/2.0.0-cdh4.1.0/hadoop-hdfs-2.0.0-cdh4.1.0.jar:/home/user1/.m2/repository/com/sun/jersey/jersey-core/1.8/jersey-core-1.8.jar:/home/user1/.m2/repository/com/sun/jersey/jersey-server/1.8/jersey-server-1.8.jar:/home/user1/.m2/repository/asm/asm/3.1/asm-3.1.jar:/home/user1/.m2/repository/javax/servlet/jsp/jsp-api/2.1/jsp-api-2.1.jar:/home/user1/.m2/repository/javax/servlet/servlet-api/2.5/servlet-api-2.5.jar:/home/user1/.m2/repository/org/apache/hadoop/hadoop-mapreduce-client-app/2.0.0-cdh4.1.0/hadoop-mapreduce-client-app-2.0.0-cdh4.1.0.jar:/home/user1/.m2/repository/org/apache/hadoop/hadoop-mapreduce-client-common/2.0.0-cdh4.1.0/hadoop-mapreduce-client-common-2.0.0-cdh4.1.0.jar:/home/user1/.m2/repository/org/apache/hadoop/hadoop-yarn-server-common/2.0.0-cdh4.1.0/hadoop-yarn-server-common-2.0.0-cdh4.1.0.jar:/home/user1/.m2/repository/com/google/inject/guice/3.0/guice-3.0.jar:/home/user1/.m2/repository/javax/inject/javax.inject/1/javax.inject-1.jar:/home/user1/.m2/repository/aopalliance/aopalliance/1.0/aopalliance-1.0.jar:/home/user1/.m2/repository/com/sun/jersey/jersey-test-framework/jersey-test-framework-grizzly2/1.8/jersey-test-framework-grizzly2-1.8.jar:/home/user1/.m2/repository/com/sun/jersey/jersey-test-framework/jersey-test-framework-core/1.8/jersey-test-framework-core-1.8.jar:/home/user1/.m2/repository/org/glassfish/javax.servlet/3.0/javax.servlet-3.0.jar:/home/user1/.m2/repository/com/sun/jersey/jersey-client/1.8/jersey-client-1.8.jar:/home/user1/.m2/repository/com/sun/jersey/jersey-grizzly2/1.8/jersey-grizzly2-1.8.jar:/home/user1/.m2/repository/org/glassfish/grizzly/grizzly-http/2.1.1/grizzly-http-2.1.1.jar:/home/user1/.m2/repository/org/glassfish/grizzly/grizzly-framework/2.1.1/grizzly-framework-2.1.1.jar:/home/user1/.m2/repository/org/glassfish/gmbal/gmbal-api-only/3.0.0-b023/gmbal-api-only-3.0.0-b023.jar:/home/user1/.m2/repository/org/glassfish/external/management-api/3.0.0-b012/management-api-3.0.0-b012.jar:/home/user1/.m2/repository/org/glassfish/grizzly/grizzly-http-server/2.1.1/grizzly-http-server-2.1.1.jar:/home/user1/.m2/repository/org/glassfish/grizzly/grizzly-rcm/2.1.1/grizzly-rcm-2.1.1.jar:/home/user1/.m2/repository/org/glassfish/grizzly/grizzly-http-servlet/2.1.1/grizzly-http-servlet-2.1.1.jar:/home/user1/.m2/repository/org/glassfish/grizzly/grizzly-framework/2.1.1/grizzly-framework-2.1.1-tests.jar:/home/user1/.m2/repository/com/sun/jersey/contribs/jersey-guice/1.8/jersey-guice-1.8.jar:/home/user1/.m2/repository/org/apache/hadoop/hadoop-mapreduce-client-shuffle/2.0.0-cdh4.1.0/hadoop-mapreduce-client-shuffle-2.0.0-cdh4.1.0.jar:/home/user1/.m2/repository/org/jboss/netty/netty/3.2.4.Final/netty-3.2.4.Final.jar:/home/user1/.m2/repository/org/apache/hadoop/hadoop-yarn-api/2.0.0-cdh4.1.0/hadoop-yarn-api-2.0.0-cdh4.1.0.jar:/home/user1/.m2/repository/com/sun/jersey/jersey-json/1.8/jersey-json-1.8.jar:/home/user1/.m2/repository/org/codehaus/jettison/jettison/1.1/jettison-1.1.jar:/home/user1/.m2/repository/stax/stax-api/1.0.1/stax-api-1.0.1.jar:/home/user1/.m2/repository/com/sun/xml/bind/jaxb-impl/2.2.3-1/jaxb-impl-2.2.3-1.jar:/home/user1/.m2/repository/javax/xml/bind/jaxb-api/2.2.2/jaxb-api-2.2.2.jar:/home/user1/.m2/repository/javax/activation/activation/1.1/activation-1.1.jar:/home/user1/.m2/repository/org/codehaus/jackson/jackson-jaxrs/1.7.1/jackson-jaxrs-1.7.1.jar:/home/user1/.m2/repository/org/codehaus/jackson/jackson-xc/1.7.1/jackson-xc-1.7.1.jar:/home/user1/.m2/repository/org/apache/hadoop/hadoop-mapreduce-client-core/2.0.0-cdh4.1.0/hadoop-mapreduce-client-core-2.0.0-cdh4.1.0.jar:/home/user1/.m2/repository/org/apache/hadoop/hadoop-yarn-common/2.0.0-cdh4.1.0/hadoop-yarn-common-2.0.0-cdh4.1.0.jar:/home/user1/.m2/repository/org/apache/hadoop/hadoop-mapreduce-client-jobclient/2.0.0-cdh4.1.0/hadoop-mapreduce-client-jobclient-2.0.0-cdh4.1.0.jar:/usr/lib/jvm/java-7-openjdk-amd64/jre/../lib/tools.jar:/home/user1/.m2/repository/org/apache/hadoop/hadoop-core/0.20.2/hadoop-core-0.20.2.jar:/home/user1/.m2/repository/commons-cli/commons-cli/1.2/commons-cli-1.2.jar:/home/user1/.m2/repository/xmlenc/xmlenc/0.52/xmlenc-0.52.jar:/home/user1/.m2/repository/commons-httpclient/commons-httpclient/3.0.1/commons-httpclient-3.0.1.jar:/home/user1/.m2/repository/commons-codec/commons-codec/1.3/commons-codec-1.3.jar:/home/user1/.m2/repository/commons-net/commons-net/1.4.1/commons-net-1.4.1.jar:/home/user1/.m2/repository/org/mortbay/jetty/jetty/6.1.14/jetty-6.1.14.jar:/home/user1/.m2/repository/org/mortbay/jetty/jetty-util/6.1.14/jetty-util-6.1.14.jar:/home/user1/.m2/repository/tomcat/jasper-runtime/5.5.12/jasper-runtime-5.5.12.jar:/home/user1/.m2/repository/tomcat/jasper-compiler/5.5.12/jasper-compiler-5.5.12.jar:/home/user1/.m2/repository/org/mortbay/jetty/jsp-api-2.1/6.1.14/jsp-api-2.1-6.1.14.jar:/home/user1/.m2/repository/org/mortbay/jetty/jsp-2.1/6.1.14/jsp-2.1-6.1.14.jar:/home/user1/.m2/repository/ant/ant/1.6.5/ant-1.6.5.jar:/home/user1/.m2/repository/commons-el/commons-el/1.0/commons-el-1.0.jar:/home/user1/.m2/repository/net/java/dev/jets3t/jets3t/0.7.1/jets3t-0.7.1.jar:/home/user1/.m2/repository/org/mortbay/jetty/servlet-api-2.5/6.1.14/servlet-api-2.5-6.1.14.jar:/home/user1/.m2/repository/net/sf/kosmosfs/kfs/0.3/kfs-0.3.jar:/home/user1/.m2/repository/hsqldb/hsqldb/1.8.0.10/hsqldb-1.8.0.10.jar:/home/user1/.m2/repository/oro/oro/2.0.8/oro-2.0.8.jar:/home/user1/.m2/repository/org/eclipse/jdt/core/3.1.1/core-3.1.1.jar:/home/user1/.m2/repository/commons-io/commons-io/1.3.2/commons-io-1.3.2.jar:/home/user1/.m2/repository/junit/junit/4.8.2/junit-4.8.2.jar:"/>
    <property name="java.specification.name" value="Java Platform API Specification"/>
    <property name="java.class.version" value="51.0"/>
    <property name="sun.management.compiler" value="HotSpot 64-Bit Tiered Compilers"/>
    <property name="os.version" value="3.13.0-35-generic"/>
    <property name="user.home" value="/home/user1"/>
    <property name="user.timezone" value=""/>
    <property name="java.awt.printerjob" value="sun.print.PSPrinterJob"/>
    <property name="file.encoding" value="UTF-8"/>
    <property name="java.specification.version" value="1.7"/>
    <property name="user.name" value="user1"/>
    <property name="java.class.path" value="/home/user1/workspace/ae-pentaho/Java/fuzzy-matching/target/test-classes:/home/user1/workspace/ae-pentaho/Java/fuzzy-matching/target/classes:/home/user1/.m2/repository/org/apache/hadoop/hadoop-client/2.0.0-cdh4.1.0/hadoop-client-2.0.0-cdh4.1.0.jar:/home/user1/.m2/repository/org/apache/hadoop/hadoop-common/2.0.0-cdh4.1.0/hadoop-common-2.0.0-cdh4.1.0.jar:/home/user1/.m2/repository/org/apache/hadoop/hadoop-annotations/2.0.0-cdh4.1.0/hadoop-annotations-2.0.0-cdh4.1.0.jar:/home/user1/.m2/repository/com/google/guava/guava/11.0.2/guava-11.0.2.jar:/home/user1/.m2/repository/com/google/code/findbugs/jsr305/1.3.9/jsr305-1.3.9.jar:/home/user1/.m2/repository/org/apache/commons/commons-math/2.1/commons-math-2.1.jar:/home/user1/.m2/repository/commons-logging/commons-logging/1.1.1/commons-logging-1.1.1.jar:/home/user1/.m2/repository/log4j/log4j/1.2.17/log4j-1.2.17.jar:/home/user1/.m2/repository/commons-lang/commons-lang/2.5/commons-lang-2.5.jar:/home/user1/.m2/repository/commons-configuration/commons-configuration/1.6/commons-configuration-1.6.jar:/home/user1/.m2/repository/commons-collections/commons-collections/3.2.1/commons-collections-3.2.1.jar:/home/user1/.m2/repository/commons-digester/commons-digester/1.8/commons-digester-1.8.jar:/home/user1/.m2/repository/commons-beanutils/commons-beanutils/1.7.0/commons-beanutils-1.7.0.jar:/home/user1/.m2/repository/commons-beanutils/commons-beanutils-core/1.8.0/commons-beanutils-core-1.8.0.jar:/home/user1/.m2/repository/org/slf4j/slf4j-api/1.6.1/slf4j-api-1.6.1.jar:/home/user1/.m2/repository/org/slf4j/slf4j-log4j12/1.6.1/slf4j-log4j12-1.6.1.jar:/home/user1/.m2/repository/org/codehaus/jackson/jackson-core-asl/1.8.8/jackson-core-asl-1.8.8.jar:/home/user1/.m2/repository/org/codehaus/jackson/jackson-mapper-asl/1.8.8/jackson-mapper-asl-1.8.8.jar:/home/user1/.m2/repository/org/mockito/mockito-all/1.8.5/mockito-all-1.8.5.jar:/home/user1/.m2/repository/org/apache/avro/avro/1.7.1.cloudera.2/avro-1.7.1.cloudera.2.jar:/home/user1/.m2/repository/com/thoughtworks/paranamer/paranamer/2.3/paranamer-2.3.jar:/home/user1/.m2/repository/org/xerial/snappy/snappy-java/1.0.4.1/snappy-java-1.0.4.1.jar:/home/user1/.m2/repository/com/google/protobuf/protobuf-java/2.4.0a/protobuf-java-2.4.0a.jar:/home/user1/.m2/repository/org/apache/hadoop/hadoop-auth/2.0.0-cdh4.1.0/hadoop-auth-2.0.0-cdh4.1.0.jar:/home/user1/.m2/repository/com/jcraft/jsch/0.1.42/jsch-0.1.42.jar:/home/user1/.m2/repository/org/apache/zookeeper/zookeeper/3.4.3-cdh4.1.0/zookeeper-3.4.3-cdh4.1.0.jar:/home/user1/.m2/repository/jline/jline/0.9.94/jline-0.9.94.jar:/home/user1/.m2/repository/org/apache/hadoop/hadoop-hdfs/2.0.0-cdh4.1.0/hadoop-hdfs-2.0.0-cdh4.1.0.jar:/home/user1/.m2/repository/com/sun/jersey/jersey-core/1.8/jersey-core-1.8.jar:/home/user1/.m2/repository/com/sun/jersey/jersey-server/1.8/jersey-server-1.8.jar:/home/user1/.m2/repository/asm/asm/3.1/asm-3.1.jar:/home/user1/.m2/repository/javax/servlet/jsp/jsp-api/2.1/jsp-api-2.1.jar:/home/user1/.m2/repository/javax/servlet/servlet-api/2.5/servlet-api-2.5.jar:/home/user1/.m2/repository/org/apache/hadoop/hadoop-mapreduce-client-app/2.0.0-cdh4.1.0/hadoop-mapreduce-client-app-2.0.0-cdh4.1.0.jar:/home/user1/.m2/repository/org/apache/hadoop/hadoop-mapreduce-client-common/2.0.0-cdh4.1.0/hadoop-mapreduce-client-common-2.0.0-cdh4.1.0.jar:/home/user1/.m2/repository/org/apache/hadoop/hadoop-yarn-server-common/2.0.0-cdh4.1.0/hadoop-yarn-server-common-2.0.0-cdh4.1.0.jar:/home/user1/.m2/repository/com/google/inject/guice/3.0/guice-3.0.jar:/home/user1/.m2/repository/javax/inject/javax.inject/1/javax.inject-1.jar:/home/user1/.m2/repository/aopalliance/aopalliance/1.0/aopalliance-1.0.jar:/home/user1/.m2/repository/com/sun/jersey/jersey-test-framework/jersey-test-framework-grizzly2/1.8/jersey-test-framework-grizzly2-1.8.jar:/home/user1/.m2/repository/com/sun/jersey/jersey-test-framework/jersey-test-framework-core/1.8/jersey-test-framework-core-1.8.jar:/home/user1/.m2/repository/org/glassfish/javax.servlet/3.0/javax.servlet-3.0.jar:/home/user1/.m2/repository/com/sun/jersey/jersey-client/1.8/jersey-client-1.8.jar:/home/user1/.m2/repository/com/sun/jersey/jersey-grizzly2/1.8/jersey-grizzly2-1.8.jar:/home/user1/.m2/repository/org/glassfish/grizzly/grizzly-http/2.1.1/grizzly-http-2.1.1.jar:/home/user1/.m2/repository/org/glassfish/grizzly/grizzly-framework/2.1.1/grizzly-framework-2.1.1.jar:/home/user1/.m2/repository/org/glassfish/gmbal/gmbal-api-only/3.0.0-b023/gmbal-api-only-3.0.0-b023.jar:/home/user1/.m2/repository/org/glassfish/external/management-api/3.0.0-b012/management-api-3.0.0-b012.jar:/home/user1/.m2/repository/org/glassfish/grizzly/grizzly-http-server/2.1.1/grizzly-http-server-2.1.1.jar:/home/user1/.m2/repository/org/glassfish/grizzly/grizzly-rcm/2.1.1/grizzly-rcm-2.1.1.jar:/home/user1/.m2/repository/org/glassfish/grizzly/grizzly-http-servlet/2.1.1/grizzly-http-servlet-2.1.1.jar:/home/user1/.m2/repository/org/glassfish/grizzly/grizzly-framework/2.1.1/grizzly-framework-2.1.1-tests.jar:/home/user1/.m2/repository/com/sun/jersey/contribs/jersey-guice/1.8/jersey-guice-1.8.jar:/home/user1/.m2/repository/org/apache/hadoop/hadoop-mapreduce-client-shuffle/2.0.0-cdh4.1.0/hadoop-mapreduce-client-shuffle-2.0.0-cdh4.1.0.jar:/home/user1/.m2/repository/org/jboss/netty/netty/3.2.4.Final/netty-3.2.4.Final.jar:/home/user1/.m2/repository/org/apache/hadoop/hadoop-yarn-api/2.0.0-cdh4.1.0/hadoop-yarn-api-2.0.0-cdh4.1.0.jar:/home/user1/.m2/repository/com/sun/jersey/jersey-json/1.8/jersey-json-1.8.jar:/home/user1/.m2/repository/org/codehaus/jettison/jettison/1.1/jettison-1.1.jar:/home/user1/.m2/repository/stax/stax-api/1.0.1/stax-api-1.0.1.jar:/home/user1/.m2/repository/com/sun/xml/bind/jaxb-impl/2.2.3-1/jaxb-impl-2.2.3-1.jar:/home/user1/.m2/repository/javax/xml/bind/jaxb-api/2.2.2/jaxb-api-2.2.2.jar:/home/user1/.m2/repository/javax/activation/activation/1.1/activation-1.1.jar:/home/user1/.m2/repository/org/codehaus/jackson/jackson-jaxrs/1.7.1/jackson-jaxrs-1.7.1.jar:/home/user1/.m2/repository/org/codehaus/jackson/jackson-xc/1.7.1/jackson-xc-1.7.1.jar:/home/user1/.m2/repository/org/apache/hadoop/hadoop-mapreduce-client-core/2.0.0-cdh4.1.0/hadoop-mapreduce-client-core-2.0.0-cdh4.1.0.jar:/home/user1/.m2/repository/org/apache/hadoop/hadoop-yarn-common/2.0.0-cdh4.1.0/hadoop-yarn-common-2.0.0-cdh4.1.0.jar:/home/user1/.m2/repository/org/apache/hadoop/hadoop-mapreduce-client-jobclient/2.0.0-cdh4.1.0/hadoop-mapreduce-client-jobclient-2.0.0-cdh4.1.0.jar:/usr/lib/jvm/java-7-openjdk-amd64/jre/../lib/tools.jar:/home/user1/.m2/repository/org/apache/hadoop/hadoop-core/0.20.2/hadoop-core-0.20.2.jar:/home/user1/.m2/repository/commons-cli/commons-cli/1.2/commons-cli-1.2.jar:/home/user1/.m2/repository/xmlenc/xmlenc/0.52/xmlenc-0.52.jar:/home/user1/.m2/repository/commons-httpclient/commons-httpclient/3.0.1/commons-httpclient-3.0.1.jar:/home/user1/.m2/repository/commons-codec/commons-codec/1.3/commons-codec-1.3.jar:/home/user1/.m2/repository/commons-net/commons-net/1.4.1/commons-net-1.4.1.jar:/home/user1/.m2/repository/org/mortbay/jetty/jetty/6.1.14/jetty-6.1.14.jar:/home/user1/.m2/repository/org/mortbay/jetty/jetty-util/6.1.14/jetty-util-6.1.14.jar:/home/user1/.m2/repository/tomcat/jasper-runtime/5.5.12/jasper-runtime-5.5.12.jar:/home/user1/.m2/repository/tomcat/jasper-compiler/5.5.12/jasper-compiler-5.5.12.jar:/home/user1/.m2/repository/org/mortbay/jetty/jsp-api-2.1/6.1.14/jsp-api-2.1-6.1.14.jar:/home/user1/.m2/repository/org/mortbay/jetty/jsp-2.1/6.1.14/jsp-2.1-6.1.14.jar:/home/user1/.m2/repository/ant/ant/1.6.5/ant-1.6.5.jar:/home/user1/.m2/repository/commons-el/commons-el/1.0/commons-el-1.0.jar:/home/user1/.m2/repository/net/java/dev/jets3t/jets3t/0.7.1/jets3t-0.7.1.jar:/home/user1/.m2/repository/org/mortbay/jetty/servlet-api-2.5/6.1.14/servlet-api-2.5-6.1.14.jar:/home/user1/.m2/repository/net/sf/kosmosfs/kfs/0.3/kfs-0.3.jar:/home/user1/.m2/repository/hsqldb/hsqldb/1.8.0.10/hsqldb-1.8.0.10.jar:/home/user1/.m2/repository/oro/oro/2.0.8/oro-2.0.8.jar:/home/user1/.m2/repository/org/eclipse/jdt/core/3.1.1/core-3.1.1.jar:/home/user1/.m2/repository/commons-io/commons-io/1.3.2/commons-io-1.3.2.jar:/home/user1/.m2/repository/junit/junit/4.8.2/junit-4.8.2.jar:"/>
    <property name="java.vm.specification.version" value="1.7"/>
    <property name="sun.arch.data.model" value="64"/>
    <property name="java.home" value="/usr/lib/jvm/java-7-openjdk-amd64/jre"/>
    <property name="sun.java.command" value="/home/user1/workspace/ae-pentaho/Java/fuzzy-matching/target/surefire/surefirebooter4638060164697528589.jar /home/user1/workspace/ae-pentaho/Java/fuzzy-matching/target/surefire/surefire4384885763847319226tmp /home/user1/workspace/ae-pentaho/Java/fuzzy-matching/target/surefire/surefire1081385797626517481tmp"/>
    <property name="java.specification.vendor" value="Oracle Corporation"/>
    <property name="user.language" value="en"/>
    <property name="awt.toolkit" value="sun.awt.X11.XToolkit"/>
    <property name="java.vm.info" value="mixed mode"/>
    <property name="java.version" value="1.7.0_65"/>
    <property name="java.ext.dirs" value="/usr/lib/jvm/java-7-openjdk-amd64/jre/lib/ext:/usr/java/packages/lib/ext"/>
    <property name="sun.boot.class.path" value="/usr/lib/jvm/java-7-openjdk-amd64/jre/lib/resources.jar:/usr/lib/jvm/java-7-openjdk-amd64/jre/lib/rt.jar:/usr/lib/jvm/java-7-openjdk-amd64/jre/lib/sunrsasign.jar:/usr/lib/jvm/java-7-openjdk-amd64/jre/lib/jsse.jar:/usr/lib/jvm/java-7-openjdk-amd64/jre/lib/jce.jar:/usr/lib/jvm/java-7-openjdk-amd64/jre/lib/charsets.jar:/usr/lib/jvm/java-7-openjdk-amd64/jre/lib/rhino.jar:/usr/lib/jvm/java-7-openjdk-amd64/jre/lib/jfr.jar:/usr/lib/jvm/java-7-openjdk-amd64/jre/classes"/>
    <property name="java.vendor" value="Oracle Corporation"/>
    <property name="localRepository" value="/home/user1/.m2/repository"/>
    <property name="file.separator" value="/"/>
    <property name="java.vendor.url.bug" value="http://bugreport.sun.com/bugreport/"/>
    <property name="sun.cpu.endian" value="little"/>
    <property name="sun.io.unicode.encoding" value="UnicodeLittle"/>
    <property name="sun.desktop" value="gnome"/>
    <property name="sun.cpu.isalist" value=""/>
  </properties>
  <testcase time="0.171" classname="com.mapreduce.JoinReducerTest" name="returnsValues"/>
</testsuite>